# JRE version: Java(TM) SE Runtime Environment (7.0_80-b15) (build 1.7.0_80-b15)
# Java VM: Java HotSpot(TM) Client VM (24.80-b11 mixed mode, sharing windows-x86 )
Heap
 def new generation   total 15360K, used 5693K [0x27200000, 0x282a0000, 0x2c750000)
  eden space 13696K,  41% used [0x27200000, 0x2778e220, 0x27f60000)
  from space 1664K,   0% used [0x28100000, 0x281012e8, 0x282a0000)
  to   space 1664K,   0% used [0x27f60000, 0x27f60000, 0x28100000)
 tenured generation   total 34004K, used 20820K [0x2c750000, 0x2e885000, 0x37200000)
   the space 34004K,  61% used [0x2c750000, 0x2dba5058, 0x2dba5200, 0x2e885000)
 compacting perm gen  total 12288K, used 1775K [0x37200000, 0x37e00000, 0x3b200000)
   the space 12288K,  14% used [0x37200000, 0x373bbd58, 0x373bbe00, 0x37e00000)
    ro space 10240K,  44% used [0x3b200000, 0x3b67d3a8, 0x3b67d400, 0x3bc00000)
    rw space 12288K,  52% used [0x3bc00000, 0x3c249a18, 0x3c249c00, 0x3c800000)
GC Heap History (10 events):
Event: 159.164 GC heap before
{Heap before GC invocations=3412 (full 2):
 def new generation   total 15360K, used 13700K [0x27200000, 0x282a0000, 0x2c750000)
  eden space 13696K, 100% used [0x27200000, 0x27f60000, 0x27f60000)
  from space 1664K,   0% used [0x27f60000, 0x27f61378, 0x28100000)
  to   space 1664K,   0% used [0x28100000, 0x28100000, 0x282a0000)
 tenured generation   total 34004K, used 20820K [0x2c750000, 0x2e885000, 0x37200000)
   the space 34004K,  61% used [0x2c750000, 0x2dba5058, 0x2dba5200, 0x2e885000)
 compacting perm gen  total 12288K, used 1775K [0x37200000, 0x37e00000, 0x3b200000)
   the space 12288K,  14% used [0x37200000, 0x373bbd58, 0x373bbe00, 0x37e00000)
    ro space 10240K,  44% used [0x3b200000, 0x3b67d3a8, 0x3b67d400, 0x3bc00000)
    rw space 12288K,  52% used [0x3bc00000, 0x3c249a18, 0x3c249c00, 0x3c800000)
Event: 159.166 GC heap after
Heap after GC invocations=3413 (full 2):
 def new generation   total 15360K, used 5K [0x27200000, 0x282a0000, 0x2c750000)
  eden space 13696K,   0% used [0x27200000, 0x27200000, 0x27f60000)
  from space 1664K,   0% used [0x28100000, 0x28101428, 0x282a0000)
  to   space 1664K,   0% used [0x27f60000, 0x27f60000, 0x28100000)
 tenured generation   total 34004K, used 20820K [0x2c750000, 0x2e885000, 0x37200000)
   the space 34004K,  61% used [0x2c750000, 0x2dba5058, 0x2dba5200, 0x2e885000)
 compacting perm gen  total 12288K, used 1775K [0x37200000, 0x37e00000, 0x3b200000)
   the space 12288K,  14% used [0x37200000, 0x373bbd58, 0x373bbe00, 0x37e00000)
    ro space 10240K,  44% used [0x3b200000, 0x3b67d3a8, 0x3b67d400, 0x3bc00000)
    rw space 12288K,  52% used [0x3bc00000, 0x3c249a18, 0x3c249c00, 0x3c800000)
}
Event: 159.265 GC heap before
{Heap before GC invocations=3413 (full 2):
 def new generation   total 15360K, used 13701K [0x27200000, 0x282a0000, 0x2c750000)
  eden space 13696K, 100% used [0x27200000, 0x27f60000, 0x27f60000)
  from space 1664K,   0% used [0x28100000, 0x28101428, 0x282a0000)
  to   space 1664K,   0% used [0x27f60000, 0x27f60000, 0x28100000)
 tenured generation   total 34004K, used 20820K [0x2c750000, 0x2e885000, 0x37200000)
   the space 34004K,  61% used [0x2c750000, 0x2dba5058, 0x2dba5200, 0x2e885000)
 compacting perm gen  total 12288K, used 1775K [0x37200000, 0x37e00000, 0x3b200000)
   the space 12288K,  14% used [0x37200000, 0x373bbd58, 0x373bbe00, 0x37e00000)
    ro space 10240K,  44% used [0x3b200000, 0x3b67d3a8, 0x3b67d400, 0x3bc00000)
    rw space 12288K,  52% used [0x3bc00000, 0x3c249a18, 0x3c249c00, 0x3c800000)
Event: 159.266 GC heap after
Heap after GC invocations=3414 (full 2):
 def new generation   total 15360K, used 4K [0x27200000, 0x282a0000, 0x2c750000)
  eden space 13696K,   0% used [0x27200000, 0x27200000, 0x27f60000)
  from space 1664K,   0% used [0x27f60000, 0x27f612d8, 0x28100000)
  to   space 1664K,   0% used [0x28100000, 0x28100000, 0x282a0000)
 tenured generation   total 34004K, used 20820K [0x2c750000, 0x2e885000, 0x37200000)
   the space 34004K,  61% used [0x2c750000, 0x2dba5058, 0x2dba5200, 0x2e885000)
 compacting perm gen  total 12288K, used 1775K [0x37200000, 0x37e00000, 0x3b200000)
   the space 12288K,  14% used [0x37200000, 0x373bbd58, 0x373bbe00, 0x37e00000)
    ro space 10240K,  44% used [0x3b200000, 0x3b67d3a8, 0x3b67d400, 0x3bc00000)
    rw space 12288K,  52% used [0x3bc00000, 0x3c249a18, 0x3c249c00, 0x3c800000)
}
Event: 159.391 GC heap before
{Heap before GC invocations=3414 (full 2):
 def new generation   total 15360K, used 13700K [0x27200000, 0x282a0000, 0x2c750000)
  eden space 13696K, 100% used [0x27200000, 0x27f60000, 0x27f60000)
  from space 1664K,   0% used [0x27f60000, 0x27f612d8, 0x28100000)
  to   space 1664K,   0% used [0x28100000, 0x28100000, 0x282a0000)
 tenured generation   total 34004K, used 20820K [0x2c750000, 0x2e885000, 0x37200000)
   the space 34004K,  61% used [0x2c750000, 0x2dba5058, 0x2dba5200, 0x2e885000)
 compacting perm gen  total 12288K, used 1775K [0x37200000, 0x37e00000, 0x3b200000)
   the space 12288K,  14% used [0x37200000, 0x373bbd58, 0x373bbe00, 0x37e00000)
    ro space 10240K,  44% used [0x3b200000, 0x3b67d3a8, 0x3b67d400, 0x3bc00000)
    rw space 12288K,  52% used [0x3bc00000, 0x3c249a18, 0x3c249c00, 0x3c800000)
Event: 159.392 GC heap after
Heap after GC invocations=3415 (full 2):
 def new generation   total 15360K, used 4K [0x27200000, 0x282a0000, 0x2c750000)
  eden space 13696K,   0% used [0x27200000, 0x27200000, 0x27f60000)
  from space 1664K,   0% used [0x28100000, 0x28101348, 0x282a0000)
  to   space 1664K,   0% used [0x27f60000, 0x27f60000, 0x28100000)
 tenured generation   total 34004K, used 20820K [0x2c750000, 0x2e885000, 0x37200000)
   the space 34004K,  61% used [0x2c750000, 0x2dba5058, 0x2dba5200, 0x2e885000)
 compacting perm gen  total 12288K, used 1775K [0x37200000, 0x37e00000, 0x3b200000)
   the space 12288K,  14% used [0x37200000, 0x373bbd58, 0x373bbe00, 0x37e00000)
    ro space 10240K,  44% used [0x3b200000, 0x3b67d3a8, 0x3b67d400, 0x3bc00000)
    rw space 12288K,  52% used [0x3bc00000, 0x3c249a18, 0x3c249c00, 0x3c800000)
}
Event: 159.518 GC heap before
{Heap before GC invocations=3415 (full 2):
 def new generation   total 15360K, used 13700K [0x27200000, 0x282a0000, 0x2c750000)
  eden space 13696K, 100% used [0x27200000, 0x27f60000, 0x27f60000)
  from space 1664K,   0% used [0x28100000, 0x28101348, 0x282a0000)
  to   space 1664K,   0% used [0x27f60000, 0x27f60000, 0x28100000)
 tenured generation   total 34004K, used 20820K [0x2c750000, 0x2e885000, 0x37200000)
   the space 34004K,  61% used [0x2c750000, 0x2dba5058, 0x2dba5200, 0x2e885000)
 compacting perm gen  total 12288K, used 1775K [0x37200000, 0x37e00000, 0x3b200000)
   the space 12288K,  14% used [0x37200000, 0x373bbd58, 0x373bbe00, 0x37e00000)
    ro space 10240K,  44% used [0x3b200000, 0x3b67d3a8, 0x3b67d400, 0x3bc00000)
    rw space 12288K,  52% used [0x3bc00000, 0x3c249a18, 0x3c249c00, 0x3c800000)
Event: 159.519 GC heap after
Heap after GC invocations=3416 (full 2):
 def new generation   total 15360K, used 4K [0x27200000, 0x282a0000, 0x2c750000)
  eden space 13696K,   0% used [0x27200000, 0x27200000, 0x27f60000)
  from space 1664K,   0% used [0x27f60000, 0x27f610b8, 0x28100000)
  to   space 1664K,   0% used [0x28100000, 0x28100000, 0x282a0000)
 tenured generation   total 34004K, used 20820K [0x2c750000, 0x2e885000, 0x37200000)
   the space 34004K,  61% used [0x2c750000, 0x2dba5058, 0x2dba5200, 0x2e885000)
 compacting perm gen  total 12288K, used 1775K [0x37200000, 0x37e00000, 0x3b200000)
   the space 12288K,  14% used [0x37200000, 0x373bbd58, 0x373bbe00, 0x37e00000)
    ro space 10240K,  44% used [0x3b200000, 0x3b67d3a8, 0x3b67d400, 0x3bc00000)
    rw space 12288K,  52% used [0x3bc00000, 0x3c249a18, 0x3c249c00, 0x3c800000)
}
Event: 159.664 GC heap before
{Heap before GC invocations=3416 (full 2):
 def new generation   total 15360K, used 13700K [0x27200000, 0x282a0000, 0x2c750000)
  eden space 13696K, 100% used [0x27200000, 0x27f60000, 0x27f60000)
  from space 1664K,   0% used [0x27f60000, 0x27f610b8, 0x28100000)
  to   space 1664K,   0% used [0x28100000, 0x28100000, 0x282a0000)
 tenured generation   total 34004K, used 20820K [0x2c750000, 0x2e885000, 0x37200000)
   the space 34004K,  61% used [0x2c750000, 0x2dba5058, 0x2dba5200, 0x2e885000)
 compacting perm gen  total 12288K, used 1775K [0x37200000, 0x37e00000, 0x3b200000)
   the space 12288K,  14% used [0x37200000, 0x373bbd58, 0x373bbe00, 0x37e00000)
    ro space 10240K,  44% used [0x3b200000, 0x3b67d3a8, 0x3b67d400, 0x3bc00000)
    rw space 12288K,  52% used [0x3bc00000, 0x3c249a18, 0x3c249c00, 0x3c800000)
Event: 159.664 GC heap after
Heap after GC invocations=3417 (full 2):
 def new generation   total 15360K, used 4K [0x27200000, 0x282a0000, 0x2c750000)
  eden space 13696K,   0% used [0x27200000, 0x27200000, 0x27f60000)
  from space 1664K,   0% used [0x28100000, 0x28101108, 0x282a0000)
  to   space 1664K,   0% used [0x27f60000, 0x27f60000, 0x28100000)
 tenured generation   total 34004K, used 20820K [0x2c750000, 0x2e885000, 0x37200000)
   the space 34004K,  61% used [0x2c750000, 0x2dba5058, 0x2dba5200, 0x2e885000)
 compacting perm gen  total 12288K, used 1775K [0x37200000, 0x37e00000, 0x3b200000)
   the space 12288K,  14% used [0x37200000, 0x373bbd58, 0x373bbe00, 0x37e00000)
    ro space 10240K,  44% used [0x3b200000, 0x3b67d3a8, 0x3b67d400, 0x3bc00000)
    rw space 12288K,  52% used [0x3bc00000, 0x3c249a18, 0x3c249c00, 0x3c800000)
}

