# JRE version: Java(TM) SE Runtime Environment (7.0_80-b15) (build 1.7.0_80-b15)
# Java VM: Java HotSpot(TM) Client VM (24.80-b11 mixed mode, sharing windows-x86 )
Heap
 def new generation   total 4928K, used 741K [0x27200000, 0x27750000, 0x2c750000)
  eden space 4416K,  16% used [0x27200000, 0x272b8420, 0x27650000)
  from space 512K,   0% used [0x276d0000, 0x276d1078, 0x27750000)
  to   space 512K,   0% used [0x27650000, 0x27650000, 0x276d0000)
 tenured generation   total 20548K, used 17303K [0x2c750000, 0x2db61000, 0x37200000)
   the space 20548K,  84% used [0x2c750000, 0x2d835e68, 0x2d836000, 0x2db61000)
 compacting perm gen  total 12288K, used 1713K [0x37200000, 0x37e00000, 0x3b200000)
   the space 12288K,  13% used [0x37200000, 0x373ac670, 0x373ac800, 0x37e00000)
    ro space 10240K,  44% used [0x3b200000, 0x3b67d3a8, 0x3b67d400, 0x3bc00000)
    rw space 12288K,  52% used [0x3bc00000, 0x3c249a18, 0x3c249c00, 0x3c800000)
GC Heap History (10 events):
Event: 29.346 GC heap before
{Heap before GC invocations=660 (full 0):
 def new generation   total 4928K, used 4420K [0x27200000, 0x27750000, 0x2c750000)
  eden space 4416K, 100% used [0x27200000, 0x27650000, 0x27650000)
  from space 512K,   0% used [0x27650000, 0x27651218, 0x276d0000)
  to   space 512K,   0% used [0x276d0000, 0x276d0000, 0x27750000)
 tenured generation   total 20548K, used 17303K [0x2c750000, 0x2db61000, 0x37200000)
   the space 20548K,  84% used [0x2c750000, 0x2d835e30, 0x2d836000, 0x2db61000)
 compacting perm gen  total 12288K, used 1713K [0x37200000, 0x37e00000, 0x3b200000)
   the space 12288K,  13% used [0x37200000, 0x373ac670, 0x373ac800, 0x37e00000)
    ro space 10240K,  44% used [0x3b200000, 0x3b67d3a8, 0x3b67d400, 0x3bc00000)
    rw space 12288K,  52% used [0x3bc00000, 0x3c249a18, 0x3c249c00, 0x3c800000)
Event: 29.348 GC heap after
Heap after GC invocations=661 (full 0):
 def new generation   total 4928K, used 4K [0x27200000, 0x27750000, 0x2c750000)
  eden space 4416K,   0% used [0x27200000, 0x27200000, 0x27650000)
  from space 512K,   0% used [0x276d0000, 0x276d1380, 0x27750000)
  to   space 512K,   0% used [0x27650000, 0x27650000, 0x276d0000)
 tenured generation   total 20548K, used 17303K [0x2c750000, 0x2db61000, 0x37200000)
   the space 20548K,  84% used [0x2c750000, 0x2d835e30, 0x2d836000, 0x2db61000)
 compacting perm gen  total 12288K, used 1713K [0x37200000, 0x37e00000, 0x3b200000)
   the space 12288K,  13% used [0x37200000, 0x373ac670, 0x373ac800, 0x37e00000)
    ro space 10240K,  44% used [0x3b200000, 0x3b67d3a8, 0x3b67d400, 0x3bc00000)
    rw space 12288K,  52% used [0x3bc00000, 0x3c249a18, 0x3c249c00, 0x3c800000)
}
Event: 29.389 GC heap before
{Heap before GC invocations=661 (full 0):
 def new generation   total 4928K, used 4420K [0x27200000, 0x27750000, 0x2c750000)
  eden space 4416K, 100% used [0x27200000, 0x27650000, 0x27650000)
  from space 512K,   0% used [0x276d0000, 0x276d1380, 0x27750000)
  to   space 512K,   0% used [0x27650000, 0x27650000, 0x276d0000)
 tenured generation   total 20548K, used 17303K [0x2c750000, 0x2db61000, 0x37200000)
   the space 20548K,  84% used [0x2c750000, 0x2d835e30, 0x2d836000, 0x2db61000)
 compacting perm gen  total 12288K, used 1713K [0x37200000, 0x37e00000, 0x3b200000)
   the space 12288K,  13% used [0x37200000, 0x373ac670, 0x373ac800, 0x37e00000)
    ro space 10240K,  44% used [0x3b200000, 0x3b67d3a8, 0x3b67d400, 0x3bc00000)
    rw space 12288K,  52% used [0x3bc00000, 0x3c249a18, 0x3c249c00, 0x3c800000)
Event: 29.390 GC heap after
Heap after GC invocations=662 (full 0):
 def new generation   total 4928K, used 4K [0x27200000, 0x27750000, 0x2c750000)
  eden space 4416K,   0% used [0x27200000, 0x27200000, 0x27650000)
  from space 512K,   0% used [0x27650000, 0x27651030, 0x276d0000)
  to   space 512K,   0% used [0x276d0000, 0x276d0000, 0x27750000)
 tenured generation   total 20548K, used 17303K [0x2c750000, 0x2db61000, 0x37200000)
   the space 20548K,  84% used [0x2c750000, 0x2d835e30, 0x2d836000, 0x2db61000)
 compacting perm gen  total 12288K, used 1713K [0x37200000, 0x37e00000, 0x3b200000)
   the space 12288K,  13% used [0x37200000, 0x373ac670, 0x373ac800, 0x37e00000)
    ro space 10240K,  44% used [0x3b200000, 0x3b67d3a8, 0x3b67d400, 0x3bc00000)
    rw space 12288K,  52% used [0x3bc00000, 0x3c249a18, 0x3c249c00, 0x3c800000)
}
Event: 29.436 GC heap before
{Heap before GC invocations=662 (full 0):
 def new generation   total 4928K, used 4420K [0x27200000, 0x27750000, 0x2c750000)
  eden space 4416K, 100% used [0x27200000, 0x27650000, 0x27650000)
  from space 512K,   0% used [0x27650000, 0x27651030, 0x276d0000)
  to   space 512K,   0% used [0x276d0000, 0x276d0000, 0x27750000)
 tenured generation   total 20548K, used 17303K [0x2c750000, 0x2db61000, 0x37200000)
   the space 20548K,  84% used [0x2c750000, 0x2d835e30, 0x2d836000, 0x2db61000)
 compacting perm gen  total 12288K, used 1713K [0x37200000, 0x37e00000, 0x3b200000)
   the space 12288K,  13% used [0x37200000, 0x373ac670, 0x373ac800, 0x37e00000)
    ro space 10240K,  44% used [0x3b200000, 0x3b67d3a8, 0x3b67d400, 0x3bc00000)
    rw space 12288K,  52% used [0x3bc00000, 0x3c249a18, 0x3c249c00, 0x3c800000)
Event: 29.437 GC heap after
Heap after GC invocations=663 (full 0):
 def new generation   total 4928K, used 4K [0x27200000, 0x27750000, 0x2c750000)
  eden space 4416K,   0% used [0x27200000, 0x27200000, 0x27650000)
  from space 512K,   0% used [0x276d0000, 0x276d1130, 0x27750000)
  to   space 512K,   0% used [0x27650000, 0x27650000, 0x276d0000)
 tenured generation   total 20548K, used 17303K [0x2c750000, 0x2db61000, 0x37200000)
   the space 20548K,  84% used [0x2c750000, 0x2d835e30, 0x2d836000, 0x2db61000)
 compacting perm gen  total 12288K, used 1713K [0x37200000, 0x37e00000, 0x3b200000)
   the space 12288K,  13% used [0x37200000, 0x373ac670, 0x373ac800, 0x37e00000)
    ro space 10240K,  44% used [0x3b200000, 0x3b67d3a8, 0x3b67d400, 0x3bc00000)
    rw space 12288K,  52% used [0x3bc00000, 0x3c249a18, 0x3c249c00, 0x3c800000)
}
Event: 29.480 GC heap before
{Heap before GC invocations=663 (full 0):
 def new generation   total 4928K, used 4420K [0x27200000, 0x27750000, 0x2c750000)
  eden space 4416K, 100% used [0x27200000, 0x27650000, 0x27650000)
  from space 512K,   0% used [0x276d0000, 0x276d1130, 0x27750000)
  to   space 512K,   0% used [0x27650000, 0x27650000, 0x276d0000)
 tenured generation   total 20548K, used 17303K [0x2c750000, 0x2db61000, 0x37200000)
   the space 20548K,  84% used [0x2c750000, 0x2d835e30, 0x2d836000, 0x2db61000)
 compacting perm gen  total 12288K, used 1713K [0x37200000, 0x37e00000, 0x3b200000)
   the space 12288K,  13% used [0x37200000, 0x373ac670, 0x373ac800, 0x37e00000)
    ro space 10240K,  44% used [0x3b200000, 0x3b67d3a8, 0x3b67d400, 0x3bc00000)
    rw space 12288K,  52% used [0x3bc00000, 0x3c249a18, 0x3c249c00, 0x3c800000)
Event: 29.481 GC heap after
Heap after GC invocations=664 (full 0):
 def new generation   total 4928K, used 4K [0x27200000, 0x27750000, 0x2c750000)
  eden space 4416K,   0% used [0x27200000, 0x27200000, 0x27650000)
  from space 512K,   0% used [0x27650000, 0x27651290, 0x276d0000)
  to   space 512K,   0% used [0x276d0000, 0x276d0000, 0x27750000)
 tenured generation   total 20548K, used 17303K [0x2c750000, 0x2db61000, 0x37200000)
   the space 20548K,  84% used [0x2c750000, 0x2d835e30, 0x2d836000, 0x2db61000)
 compacting perm gen  total 12288K, used 1713K [0x37200000, 0x37e00000, 0x3b200000)
   the space 12288K,  13% used [0x37200000, 0x373ac670, 0x373ac800, 0x37e00000)
    ro space 10240K,  44% used [0x3b200000, 0x3b67d3a8, 0x3b67d400, 0x3bc00000)
    rw space 12288K,  52% used [0x3bc00000, 0x3c249a18, 0x3c249c00, 0x3c800000)
}
Event: 29.547 GC heap before
{Heap before GC invocations=664 (full 0):
 def new generation   total 4928K, used 4420K [0x27200000, 0x27750000, 0x2c750000)
  eden space 4416K, 100% used [0x27200000, 0x27650000, 0x27650000)
  from space 512K,   0% used [0x27650000, 0x27651290, 0x276d0000)
  to   space 512K,   0% used [0x276d0000, 0x276d0000, 0x27750000)
 tenured generation   total 20548K, used 17303K [0x2c750000, 0x2db61000, 0x37200000)
   the space 20548K,  84% used [0x2c750000, 0x2d835e30, 0x2d836000, 0x2db61000)
 compacting perm gen  total 12288K, used 1713K [0x37200000, 0x37e00000, 0x3b200000)
   the space 12288K,  13% used [0x37200000, 0x373ac670, 0x373ac800, 0x37e00000)
    ro space 10240K,  44% used [0x3b200000, 0x3b67d3a8, 0x3b67d400, 0x3bc00000)
    rw space 12288K,  52% used [0x3bc00000, 0x3c249a18, 0x3c249c00, 0x3c800000)
Event: 29.548 GC heap after
Heap after GC invocations=665 (full 0):
 def new generation   total 4928K, used 4K [0x27200000, 0x27750000, 0x2c750000)
  eden space 4416K,   0% used [0x27200000, 0x27200000, 0x27650000)
  from space 512K,   0% used [0x276d0000, 0x276d10e0, 0x27750000)
  to   space 512K,   0% used [0x27650000, 0x27650000, 0x276d0000)
 tenured generation   total 20548K, used 17303K [0x2c750000, 0x2db61000, 0x37200000)
   the space 20548K,  84% used [0x2c750000, 0x2d835e30, 0x2d836000, 0x2db61000)
 compacting perm gen  total 12288K, used 1713K [0x37200000, 0x37e00000, 0x3b200000)
   the space 12288K,  13% used [0x37200000, 0x373ac670, 0x373ac800, 0x37e00000)
    ro space 10240K,  44% used [0x3b200000, 0x3b67d3a8, 0x3b67d400, 0x3bc00000)
    rw space 12288K,  52% used [0x3bc00000, 0x3c249a18, 0x3c249c00, 0x3c800000)
}

